<?xml version="1.0" encoding="UTF-8"?><testrun name="PhoneTests" project="lab7" tests="5" started="5" failures="0" errors="5" ignored="0">
  <testsuite name="PhoneTests" time="0.001" uniqueid="[engine:junit-vintage]/[runner:PhoneTests]">
    <testcase name="testContainsHyphen" classname="PhoneTests" time="0.0" displayname="testContainsHyphen" uniqueid="[engine:junit-vintage]/[runner:PhoneTests]/[test:testContainsHyphen(PhoneTests)]">
      <error>java.util.regex.PatternSyntaxException: Unclosed character class near index 26&#13;
[0-9][{3}-[0-9]{3}-[0-9]{4}&#13;
                          ^&#13;
	at java.util.regex.Pattern.error(Unknown Source)&#13;
	at java.util.regex.Pattern.clazz(Unknown Source)&#13;
	at java.util.regex.Pattern.sequence(Unknown Source)&#13;
	at java.util.regex.Pattern.expr(Unknown Source)&#13;
	at java.util.regex.Pattern.compile(Unknown Source)&#13;
	at java.util.regex.Pattern.&lt;init&gt;(Unknown Source)&#13;
	at java.util.regex.Pattern.compile(Unknown Source)&#13;
	at java.util.regex.Pattern.matches(Unknown Source)&#13;
	at java.lang.String.matches(Unknown Source)&#13;
	at Lab7Regex.validatePhone(Lab7Regex.java:66)&#13;
	at PhoneTests.testContainsHyphen(PhoneTests.java:20)&#13;
	at sun.reflect.NativeMethodAccessorImpl.invoke0(Native Method)&#13;
	at sun.reflect.NativeMethodAccessorImpl.invoke(Unknown Source)&#13;
	at sun.reflect.DelegatingMethodAccessorImpl.invoke(Unknown Source)&#13;
	at java.lang.reflect.Method.invoke(Unknown Source)&#13;
	at org.junit.runners.model.FrameworkMethod$1.runReflectiveCall(FrameworkMethod.java:50)&#13;
	at org.junit.internal.runners.model.ReflectiveCallable.run(ReflectiveCallable.java:12)&#13;
	at org.junit.runners.model.FrameworkMethod.invokeExplosively(FrameworkMethod.java:47)&#13;
	at org.junit.internal.runners.statements.InvokeMethod.evaluate(InvokeMethod.java:17)&#13;
	at org.junit.runners.ParentRunner.runLeaf(ParentRunner.java:325)&#13;
	at org.junit.runners.BlockJUnit4ClassRunner.runChild(BlockJUnit4ClassRunner.java:78)&#13;
	at org.junit.runners.BlockJUnit4ClassRunner.runChild(BlockJUnit4ClassRunner.java:57)&#13;
	at org.junit.runners.ParentRunner$3.run(ParentRunner.java:290)&#13;
	at org.junit.runners.ParentRunner$1.schedule(ParentRunner.java:71)&#13;
	at org.junit.runners.ParentRunner.runChildren(ParentRunner.java:288)&#13;
	at org.junit.runners.ParentRunner.access$000(ParentRunner.java:58)&#13;
	at org.junit.runners.ParentRunner$2.evaluate(ParentRunner.java:268)&#13;
	at org.junit.runners.ParentRunner.run(ParentRunner.java:363)&#13;
	at org.junit.runner.JUnitCore.run(JUnitCore.java:137)&#13;
	at org.junit.runner.JUnitCore.run(JUnitCore.java:115)&#13;
	at org.junit.vintage.engine.execution.RunnerExecutor.execute(RunnerExecutor.java:40)&#13;
	at java.util.stream.ForEachOps$ForEachOp$OfRef.accept(Unknown Source)&#13;
	at java.util.stream.ReferencePipeline$3$1.accept(Unknown Source)&#13;
	at java.util.Iterator.forEachRemaining(Unknown Source)&#13;
	at java.util.Spliterators$IteratorSpliterator.forEachRemaining(Unknown Source)&#13;
	at java.util.stream.AbstractPipeline.copyInto(Unknown Source)&#13;
	at java.util.stream.AbstractPipeline.wrapAndCopyInto(Unknown Source)&#13;
	at java.util.stream.ForEachOps$ForEachOp.evaluateSequential(Unknown Source)&#13;
	at java.util.stream.ForEachOps$ForEachOp$OfRef.evaluateSequential(Unknown Source)&#13;
	at java.util.stream.AbstractPipeline.evaluate(Unknown Source)&#13;
	at java.util.stream.ReferencePipeline.forEach(Unknown Source)&#13;
	at org.junit.vintage.engine.VintageTestEngine.executeAllChildren(VintageTestEngine.java:80)&#13;
	at org.junit.vintage.engine.VintageTestEngine.execute(VintageTestEngine.java:71)&#13;
	at org.junit.platform.launcher.core.DefaultLauncher.execute(DefaultLauncher.java:229)&#13;
	at org.junit.platform.launcher.core.DefaultLauncher.lambda$execute$6(DefaultLauncher.java:197)&#13;
	at org.junit.platform.launcher.core.DefaultLauncher.withInterceptedStreams(DefaultLauncher.java:211)&#13;
	at org.junit.platform.launcher.core.DefaultLauncher.execute(DefaultLauncher.java:191)&#13;
	at org.junit.platform.launcher.core.DefaultLauncher.execute(DefaultLauncher.java:137)&#13;
	at org.eclipse.jdt.internal.junit5.runner.JUnit5TestReference.run(JUnit5TestReference.java:89)&#13;
	at org.eclipse.jdt.internal.junit.runner.TestExecution.run(TestExecution.java:41)&#13;
	at org.eclipse.jdt.internal.junit.runner.RemoteTestRunner.runTests(RemoteTestRunner.java:541)&#13;
	at org.eclipse.jdt.internal.junit.runner.RemoteTestRunner.runTests(RemoteTestRunner.java:763)&#13;
	at org.eclipse.jdt.internal.junit.runner.RemoteTestRunner.run(RemoteTestRunner.java:463)&#13;
	at org.eclipse.jdt.internal.junit.runner.RemoteTestRunner.main(RemoteTestRunner.java:209)&#13;
&#13;
</error>
    </testcase>
    <testcase name="testPrefixThreeDigits" classname="PhoneTests" time="0.0" displayname="testPrefixThreeDigits" uniqueid="[engine:junit-vintage]/[runner:PhoneTests]/[test:testPrefixThreeDigits(PhoneTests)]">
      <error>java.util.regex.PatternSyntaxException: Unclosed character class near index 26&#13;
[0-9][{3}-[0-9]{3}-[0-9]{4}&#13;
                          ^&#13;
	at java.util.regex.Pattern.error(Unknown Source)&#13;
	at java.util.regex.Pattern.clazz(Unknown Source)&#13;
	at java.util.regex.Pattern.sequence(Unknown Source)&#13;
	at java.util.regex.Pattern.expr(Unknown Source)&#13;
	at java.util.regex.Pattern.compile(Unknown Source)&#13;
	at java.util.regex.Pattern.&lt;init&gt;(Unknown Source)&#13;
	at java.util.regex.Pattern.compile(Unknown Source)&#13;
	at java.util.regex.Pattern.matches(Unknown Source)&#13;
	at java.lang.String.matches(Unknown Source)&#13;
	at Lab7Regex.validatePhone(Lab7Regex.java:66)&#13;
	at PhoneTests.testPrefixThreeDigits(PhoneTests.java:38)&#13;
	at sun.reflect.NativeMethodAccessorImpl.invoke0(Native Method)&#13;
	at sun.reflect.NativeMethodAccessorImpl.invoke(Unknown Source)&#13;
	at sun.reflect.DelegatingMethodAccessorImpl.invoke(Unknown Source)&#13;
	at java.lang.reflect.Method.invoke(Unknown Source)&#13;
	at org.junit.runners.model.FrameworkMethod$1.runReflectiveCall(FrameworkMethod.java:50)&#13;
	at org.junit.internal.runners.model.ReflectiveCallable.run(ReflectiveCallable.java:12)&#13;
	at org.junit.runners.model.FrameworkMethod.invokeExplosively(FrameworkMethod.java:47)&#13;
	at org.junit.internal.runners.statements.InvokeMethod.evaluate(InvokeMethod.java:17)&#13;
	at org.junit.runners.ParentRunner.runLeaf(ParentRunner.java:325)&#13;
	at org.junit.runners.BlockJUnit4ClassRunner.runChild(BlockJUnit4ClassRunner.java:78)&#13;
	at org.junit.runners.BlockJUnit4ClassRunner.runChild(BlockJUnit4ClassRunner.java:57)&#13;
	at org.junit.runners.ParentRunner$3.run(ParentRunner.java:290)&#13;
	at org.junit.runners.ParentRunner$1.schedule(ParentRunner.java:71)&#13;
	at org.junit.runners.ParentRunner.runChildren(ParentRunner.java:288)&#13;
	at org.junit.runners.ParentRunner.access$000(ParentRunner.java:58)&#13;
	at org.junit.runners.ParentRunner$2.evaluate(ParentRunner.java:268)&#13;
	at org.junit.runners.ParentRunner.run(ParentRunner.java:363)&#13;
	at org.junit.runner.JUnitCore.run(JUnitCore.java:137)&#13;
	at org.junit.runner.JUnitCore.run(JUnitCore.java:115)&#13;
	at org.junit.vintage.engine.execution.RunnerExecutor.execute(RunnerExecutor.java:40)&#13;
	at java.util.stream.ForEachOps$ForEachOp$OfRef.accept(Unknown Source)&#13;
	at java.util.stream.ReferencePipeline$3$1.accept(Unknown Source)&#13;
	at java.util.Iterator.forEachRemaining(Unknown Source)&#13;
	at java.util.Spliterators$IteratorSpliterator.forEachRemaining(Unknown Source)&#13;
	at java.util.stream.AbstractPipeline.copyInto(Unknown Source)&#13;
	at java.util.stream.AbstractPipeline.wrapAndCopyInto(Unknown Source)&#13;
	at java.util.stream.ForEachOps$ForEachOp.evaluateSequential(Unknown Source)&#13;
	at java.util.stream.ForEachOps$ForEachOp$OfRef.evaluateSequential(Unknown Source)&#13;
	at java.util.stream.AbstractPipeline.evaluate(Unknown Source)&#13;
	at java.util.stream.ReferencePipeline.forEach(Unknown Source)&#13;
	at org.junit.vintage.engine.VintageTestEngine.executeAllChildren(VintageTestEngine.java:80)&#13;
	at org.junit.vintage.engine.VintageTestEngine.execute(VintageTestEngine.java:71)&#13;
	at org.junit.platform.launcher.core.DefaultLauncher.execute(DefaultLauncher.java:229)&#13;
	at org.junit.platform.launcher.core.DefaultLauncher.lambda$execute$6(DefaultLauncher.java:197)&#13;
	at org.junit.platform.launcher.core.DefaultLauncher.withInterceptedStreams(DefaultLauncher.java:211)&#13;
	at org.junit.platform.launcher.core.DefaultLauncher.execute(DefaultLauncher.java:191)&#13;
	at org.junit.platform.launcher.core.DefaultLauncher.execute(DefaultLauncher.java:137)&#13;
	at org.eclipse.jdt.internal.junit5.runner.JUnit5TestReference.run(JUnit5TestReference.java:89)&#13;
	at org.eclipse.jdt.internal.junit.runner.TestExecution.run(TestExecution.java:41)&#13;
	at org.eclipse.jdt.internal.junit.runner.RemoteTestRunner.runTests(RemoteTestRunner.java:541)&#13;
	at org.eclipse.jdt.internal.junit.runner.RemoteTestRunner.runTests(RemoteTestRunner.java:763)&#13;
	at org.eclipse.jdt.internal.junit.runner.RemoteTestRunner.run(RemoteTestRunner.java:463)&#13;
	at org.eclipse.jdt.internal.junit.runner.RemoteTestRunner.main(RemoteTestRunner.java:209)&#13;
&#13;
</error>
    </testcase>
    <testcase name="testLineNumber" classname="PhoneTests" time="0.001" displayname="testLineNumber" uniqueid="[engine:junit-vintage]/[runner:PhoneTests]/[test:testLineNumber(PhoneTests)]">
      <error>java.util.regex.PatternSyntaxException: Unclosed character class near index 26&#13;
[0-9][{3}-[0-9]{3}-[0-9]{4}&#13;
                          ^&#13;
	at java.util.regex.Pattern.error(Unknown Source)&#13;
	at java.util.regex.Pattern.clazz(Unknown Source)&#13;
	at java.util.regex.Pattern.sequence(Unknown Source)&#13;
	at java.util.regex.Pattern.expr(Unknown Source)&#13;
	at java.util.regex.Pattern.compile(Unknown Source)&#13;
	at java.util.regex.Pattern.&lt;init&gt;(Unknown Source)&#13;
	at java.util.regex.Pattern.compile(Unknown Source)&#13;
	at java.util.regex.Pattern.matches(Unknown Source)&#13;
	at java.lang.String.matches(Unknown Source)&#13;
	at Lab7Regex.validatePhone(Lab7Regex.java:66)&#13;
	at PhoneTests.testLineNumber(PhoneTests.java:47)&#13;
	at sun.reflect.NativeMethodAccessorImpl.invoke0(Native Method)&#13;
	at sun.reflect.NativeMethodAccessorImpl.invoke(Unknown Source)&#13;
	at sun.reflect.DelegatingMethodAccessorImpl.invoke(Unknown Source)&#13;
	at java.lang.reflect.Method.invoke(Unknown Source)&#13;
	at org.junit.runners.model.FrameworkMethod$1.runReflectiveCall(FrameworkMethod.java:50)&#13;
	at org.junit.internal.runners.model.ReflectiveCallable.run(ReflectiveCallable.java:12)&#13;
	at org.junit.runners.model.FrameworkMethod.invokeExplosively(FrameworkMethod.java:47)&#13;
	at org.junit.internal.runners.statements.InvokeMethod.evaluate(InvokeMethod.java:17)&#13;
	at org.junit.runners.ParentRunner.runLeaf(ParentRunner.java:325)&#13;
	at org.junit.runners.BlockJUnit4ClassRunner.runChild(BlockJUnit4ClassRunner.java:78)&#13;
	at org.junit.runners.BlockJUnit4ClassRunner.runChild(BlockJUnit4ClassRunner.java:57)&#13;
	at org.junit.runners.ParentRunner$3.run(ParentRunner.java:290)&#13;
	at org.junit.runners.ParentRunner$1.schedule(ParentRunner.java:71)&#13;
	at org.junit.runners.ParentRunner.runChildren(ParentRunner.java:288)&#13;
	at org.junit.runners.ParentRunner.access$000(ParentRunner.java:58)&#13;
	at org.junit.runners.ParentRunner$2.evaluate(ParentRunner.java:268)&#13;
	at org.junit.runners.ParentRunner.run(ParentRunner.java:363)&#13;
	at org.junit.runner.JUnitCore.run(JUnitCore.java:137)&#13;
	at org.junit.runner.JUnitCore.run(JUnitCore.java:115)&#13;
	at org.junit.vintage.engine.execution.RunnerExecutor.execute(RunnerExecutor.java:40)&#13;
	at java.util.stream.ForEachOps$ForEachOp$OfRef.accept(Unknown Source)&#13;
	at java.util.stream.ReferencePipeline$3$1.accept(Unknown Source)&#13;
	at java.util.Iterator.forEachRemaining(Unknown Source)&#13;
	at java.util.Spliterators$IteratorSpliterator.forEachRemaining(Unknown Source)&#13;
	at java.util.stream.AbstractPipeline.copyInto(Unknown Source)&#13;
	at java.util.stream.AbstractPipeline.wrapAndCopyInto(Unknown Source)&#13;
	at java.util.stream.ForEachOps$ForEachOp.evaluateSequential(Unknown Source)&#13;
	at java.util.stream.ForEachOps$ForEachOp$OfRef.evaluateSequential(Unknown Source)&#13;
	at java.util.stream.AbstractPipeline.evaluate(Unknown Source)&#13;
	at java.util.stream.ReferencePipeline.forEach(Unknown Source)&#13;
	at org.junit.vintage.engine.VintageTestEngine.executeAllChildren(VintageTestEngine.java:80)&#13;
	at org.junit.vintage.engine.VintageTestEngine.execute(VintageTestEngine.java:71)&#13;
	at org.junit.platform.launcher.core.DefaultLauncher.execute(DefaultLauncher.java:229)&#13;
	at org.junit.platform.launcher.core.DefaultLauncher.lambda$execute$6(DefaultLauncher.java:197)&#13;
	at org.junit.platform.launcher.core.DefaultLauncher.withInterceptedStreams(DefaultLauncher.java:211)&#13;
	at org.junit.platform.launcher.core.DefaultLauncher.execute(DefaultLauncher.java:191)&#13;
	at org.junit.platform.launcher.core.DefaultLauncher.execute(DefaultLauncher.java:137)&#13;
	at org.eclipse.jdt.internal.junit5.runner.JUnit5TestReference.run(JUnit5TestReference.java:89)&#13;
	at org.eclipse.jdt.internal.junit.runner.TestExecution.run(TestExecution.java:41)&#13;
	at org.eclipse.jdt.internal.junit.runner.RemoteTestRunner.runTests(RemoteTestRunner.java:541)&#13;
	at org.eclipse.jdt.internal.junit.runner.RemoteTestRunner.runTests(RemoteTestRunner.java:763)&#13;
	at org.eclipse.jdt.internal.junit.runner.RemoteTestRunner.run(RemoteTestRunner.java:463)&#13;
	at org.eclipse.jdt.internal.junit.runner.RemoteTestRunner.main(RemoteTestRunner.java:209)&#13;
&#13;
</error>
    </testcase>
    <testcase name="testAreaCode" classname="PhoneTests" time="0.0" displayname="testAreaCode" uniqueid="[engine:junit-vintage]/[runner:PhoneTests]/[test:testAreaCode(PhoneTests)]">
      <error>java.util.regex.PatternSyntaxException: Unclosed character class near index 26&#13;
[0-9][{3}-[0-9]{3}-[0-9]{4}&#13;
                          ^&#13;
	at java.util.regex.Pattern.error(Unknown Source)&#13;
	at java.util.regex.Pattern.clazz(Unknown Source)&#13;
	at java.util.regex.Pattern.sequence(Unknown Source)&#13;
	at java.util.regex.Pattern.expr(Unknown Source)&#13;
	at java.util.regex.Pattern.compile(Unknown Source)&#13;
	at java.util.regex.Pattern.&lt;init&gt;(Unknown Source)&#13;
	at java.util.regex.Pattern.compile(Unknown Source)&#13;
	at java.util.regex.Pattern.matches(Unknown Source)&#13;
	at java.lang.String.matches(Unknown Source)&#13;
	at Lab7Regex.validatePhone(Lab7Regex.java:66)&#13;
	at PhoneTests.testAreaCode(PhoneTests.java:29)&#13;
	at sun.reflect.NativeMethodAccessorImpl.invoke0(Native Method)&#13;
	at sun.reflect.NativeMethodAccessorImpl.invoke(Unknown Source)&#13;
	at sun.reflect.DelegatingMethodAccessorImpl.invoke(Unknown Source)&#13;
	at java.lang.reflect.Method.invoke(Unknown Source)&#13;
	at org.junit.runners.model.FrameworkMethod$1.runReflectiveCall(FrameworkMethod.java:50)&#13;
	at org.junit.internal.runners.model.ReflectiveCallable.run(ReflectiveCallable.java:12)&#13;
	at org.junit.runners.model.FrameworkMethod.invokeExplosively(FrameworkMethod.java:47)&#13;
	at org.junit.internal.runners.statements.InvokeMethod.evaluate(InvokeMethod.java:17)&#13;
	at org.junit.runners.ParentRunner.runLeaf(ParentRunner.java:325)&#13;
	at org.junit.runners.BlockJUnit4ClassRunner.runChild(BlockJUnit4ClassRunner.java:78)&#13;
	at org.junit.runners.BlockJUnit4ClassRunner.runChild(BlockJUnit4ClassRunner.java:57)&#13;
	at org.junit.runners.ParentRunner$3.run(ParentRunner.java:290)&#13;
	at org.junit.runners.ParentRunner$1.schedule(ParentRunner.java:71)&#13;
	at org.junit.runners.ParentRunner.runChildren(ParentRunner.java:288)&#13;
	at org.junit.runners.ParentRunner.access$000(ParentRunner.java:58)&#13;
	at org.junit.runners.ParentRunner$2.evaluate(ParentRunner.java:268)&#13;
	at org.junit.runners.ParentRunner.run(ParentRunner.java:363)&#13;
	at org.junit.runner.JUnitCore.run(JUnitCore.java:137)&#13;
	at org.junit.runner.JUnitCore.run(JUnitCore.java:115)&#13;
	at org.junit.vintage.engine.execution.RunnerExecutor.execute(RunnerExecutor.java:40)&#13;
	at java.util.stream.ForEachOps$ForEachOp$OfRef.accept(Unknown Source)&#13;
	at java.util.stream.ReferencePipeline$3$1.accept(Unknown Source)&#13;
	at java.util.Iterator.forEachRemaining(Unknown Source)&#13;
	at java.util.Spliterators$IteratorSpliterator.forEachRemaining(Unknown Source)&#13;
	at java.util.stream.AbstractPipeline.copyInto(Unknown Source)&#13;
	at java.util.stream.AbstractPipeline.wrapAndCopyInto(Unknown Source)&#13;
	at java.util.stream.ForEachOps$ForEachOp.evaluateSequential(Unknown Source)&#13;
	at java.util.stream.ForEachOps$ForEachOp$OfRef.evaluateSequential(Unknown Source)&#13;
	at java.util.stream.AbstractPipeline.evaluate(Unknown Source)&#13;
	at java.util.stream.ReferencePipeline.forEach(Unknown Source)&#13;
	at org.junit.vintage.engine.VintageTestEngine.executeAllChildren(VintageTestEngine.java:80)&#13;
	at org.junit.vintage.engine.VintageTestEngine.execute(VintageTestEngine.java:71)&#13;
	at org.junit.platform.launcher.core.DefaultLauncher.execute(DefaultLauncher.java:229)&#13;
	at org.junit.platform.launcher.core.DefaultLauncher.lambda$execute$6(DefaultLauncher.java:197)&#13;
	at org.junit.platform.launcher.core.DefaultLauncher.withInterceptedStreams(DefaultLauncher.java:211)&#13;
	at org.junit.platform.launcher.core.DefaultLauncher.execute(DefaultLauncher.java:191)&#13;
	at org.junit.platform.launcher.core.DefaultLauncher.execute(DefaultLauncher.java:137)&#13;
	at org.eclipse.jdt.internal.junit5.runner.JUnit5TestReference.run(JUnit5TestReference.java:89)&#13;
	at org.eclipse.jdt.internal.junit.runner.TestExecution.run(TestExecution.java:41)&#13;
	at org.eclipse.jdt.internal.junit.runner.RemoteTestRunner.runTests(RemoteTestRunner.java:541)&#13;
	at org.eclipse.jdt.internal.junit.runner.RemoteTestRunner.runTests(RemoteTestRunner.java:763)&#13;
	at org.eclipse.jdt.internal.junit.runner.RemoteTestRunner.run(RemoteTestRunner.java:463)&#13;
	at org.eclipse.jdt.internal.junit.runner.RemoteTestRunner.main(RemoteTestRunner.java:209)&#13;
&#13;
</error>
    </testcase>
    <testcase name="testContainsNonNumbers" classname="PhoneTests" time="0.0" displayname="testContainsNonNumbers" uniqueid="[engine:junit-vintage]/[runner:PhoneTests]/[test:testContainsNonNumbers(PhoneTests)]">
      <error>java.util.regex.PatternSyntaxException: Unclosed character class near index 26&#13;
[0-9][{3}-[0-9]{3}-[0-9]{4}&#13;
                          ^&#13;
	at java.util.regex.Pattern.error(Unknown Source)&#13;
	at java.util.regex.Pattern.clazz(Unknown Source)&#13;
	at java.util.regex.Pattern.sequence(Unknown Source)&#13;
	at java.util.regex.Pattern.expr(Unknown Source)&#13;
	at java.util.regex.Pattern.compile(Unknown Source)&#13;
	at java.util.regex.Pattern.&lt;init&gt;(Unknown Source)&#13;
	at java.util.regex.Pattern.compile(Unknown Source)&#13;
	at java.util.regex.Pattern.matches(Unknown Source)&#13;
	at java.lang.String.matches(Unknown Source)&#13;
	at Lab7Regex.validatePhone(Lab7Regex.java:66)&#13;
	at PhoneTests.testContainsNonNumbers(PhoneTests.java:11)&#13;
	at sun.reflect.NativeMethodAccessorImpl.invoke0(Native Method)&#13;
	at sun.reflect.NativeMethodAccessorImpl.invoke(Unknown Source)&#13;
	at sun.reflect.DelegatingMethodAccessorImpl.invoke(Unknown Source)&#13;
	at java.lang.reflect.Method.invoke(Unknown Source)&#13;
	at org.junit.runners.model.FrameworkMethod$1.runReflectiveCall(FrameworkMethod.java:50)&#13;
	at org.junit.internal.runners.model.ReflectiveCallable.run(ReflectiveCallable.java:12)&#13;
	at org.junit.runners.model.FrameworkMethod.invokeExplosively(FrameworkMethod.java:47)&#13;
	at org.junit.internal.runners.statements.InvokeMethod.evaluate(InvokeMethod.java:17)&#13;
	at org.junit.runners.ParentRunner.runLeaf(ParentRunner.java:325)&#13;
	at org.junit.runners.BlockJUnit4ClassRunner.runChild(BlockJUnit4ClassRunner.java:78)&#13;
	at org.junit.runners.BlockJUnit4ClassRunner.runChild(BlockJUnit4ClassRunner.java:57)&#13;
	at org.junit.runners.ParentRunner$3.run(ParentRunner.java:290)&#13;
	at org.junit.runners.ParentRunner$1.schedule(ParentRunner.java:71)&#13;
	at org.junit.runners.ParentRunner.runChildren(ParentRunner.java:288)&#13;
	at org.junit.runners.ParentRunner.access$000(ParentRunner.java:58)&#13;
	at org.junit.runners.ParentRunner$2.evaluate(ParentRunner.java:268)&#13;
	at org.junit.runners.ParentRunner.run(ParentRunner.java:363)&#13;
	at org.junit.runner.JUnitCore.run(JUnitCore.java:137)&#13;
	at org.junit.runner.JUnitCore.run(JUnitCore.java:115)&#13;
	at org.junit.vintage.engine.execution.RunnerExecutor.execute(RunnerExecutor.java:40)&#13;
	at java.util.stream.ForEachOps$ForEachOp$OfRef.accept(Unknown Source)&#13;
	at java.util.stream.ReferencePipeline$3$1.accept(Unknown Source)&#13;
	at java.util.Iterator.forEachRemaining(Unknown Source)&#13;
	at java.util.Spliterators$IteratorSpliterator.forEachRemaining(Unknown Source)&#13;
	at java.util.stream.AbstractPipeline.copyInto(Unknown Source)&#13;
	at java.util.stream.AbstractPipeline.wrapAndCopyInto(Unknown Source)&#13;
	at java.util.stream.ForEachOps$ForEachOp.evaluateSequential(Unknown Source)&#13;
	at java.util.stream.ForEachOps$ForEachOp$OfRef.evaluateSequential(Unknown Source)&#13;
	at java.util.stream.AbstractPipeline.evaluate(Unknown Source)&#13;
	at java.util.stream.ReferencePipeline.forEach(Unknown Source)&#13;
	at org.junit.vintage.engine.VintageTestEngine.executeAllChildren(VintageTestEngine.java:80)&#13;
	at org.junit.vintage.engine.VintageTestEngine.execute(VintageTestEngine.java:71)&#13;
	at org.junit.platform.launcher.core.DefaultLauncher.execute(DefaultLauncher.java:229)&#13;
	at org.junit.platform.launcher.core.DefaultLauncher.lambda$execute$6(DefaultLauncher.java:197)&#13;
	at org.junit.platform.launcher.core.DefaultLauncher.withInterceptedStreams(DefaultLauncher.java:211)&#13;
	at org.junit.platform.launcher.core.DefaultLauncher.execute(DefaultLauncher.java:191)&#13;
	at org.junit.platform.launcher.core.DefaultLauncher.execute(DefaultLauncher.java:137)&#13;
	at org.eclipse.jdt.internal.junit5.runner.JUnit5TestReference.run(JUnit5TestReference.java:89)&#13;
	at org.eclipse.jdt.internal.junit.runner.TestExecution.run(TestExecution.java:41)&#13;
	at org.eclipse.jdt.internal.junit.runner.RemoteTestRunner.runTests(RemoteTestRunner.java:541)&#13;
	at org.eclipse.jdt.internal.junit.runner.RemoteTestRunner.runTests(RemoteTestRunner.java:763)&#13;
	at org.eclipse.jdt.internal.junit.runner.RemoteTestRunner.run(RemoteTestRunner.java:463)&#13;
	at org.eclipse.jdt.internal.junit.runner.RemoteTestRunner.main(RemoteTestRunner.java:209)&#13;
&#13;
</error>
    </testcase>
  </testsuite>
</testrun>
